<?xml version="1.0" encoding="UTF-8"?>
<testng-results skipped="0" failed="0" ignored="0" total="2" passed="2">
  <reporter-output>
  </reporter-output>
  <suite name="Suite" duration-ms="58547" started-at="2017-12-03T08:13:06Z" finished-at="2017-12-03T08:14:05Z">
    <groups>
    </groups>
    <test name="Test" duration-ms="58547" started-at="2017-12-03T08:13:06Z" finished-at="2017-12-03T08:14:05Z">
      <class name="Scripts.TestLogin">
        <test-method status="PASS" signature="openApplication()[pri:0, instance:Scripts.TestLogin@68be2bc2]" name="openApplication" is-config="true" duration-ms="17054" started-at="2017-12-03T13:43:06Z" finished-at="2017-12-03T13:43:23Z">
          <reporter-output>
          </reporter-output>
        </test-method> <!-- openApplication -->
        <test-method status="PASS" signature="testLogin()[pri:0, instance:Scripts.TestLogin@68be2bc2]" name="testLogin" duration-ms="13213" started-at="2017-12-03T13:43:23Z" finished-at="2017-12-03T13:43:36Z">
          <reporter-output>
          </reporter-output>
        </test-method> <!-- testLogin -->
        <test-method status="PASS" signature="closeApplication()[pri:0, instance:Scripts.TestLogin@68be2bc2]" name="closeApplication" is-config="true" duration-ms="350" started-at="2017-12-03T13:43:36Z" finished-at="2017-12-03T13:43:37Z">
          <reporter-output>
          </reporter-output>
        </test-method> <!-- closeApplication -->
      </class> <!-- Scripts.TestLogin -->
      <class name="Scripts.TestInvalidLogin">
        <test-method status="PASS" signature="openApplication()[pri:0, instance:Scripts.TestInvalidLogin@28feb3fa]" name="openApplication" is-config="true" duration-ms="13904" started-at="2017-12-03T13:43:37Z" finished-at="2017-12-03T13:43:51Z">
          <reporter-output>
          </reporter-output>
        </test-method> <!-- openApplication -->
        <test-method status="PASS" signature="testInvalidLogin()[pri:0, instance:Scripts.TestInvalidLogin@28feb3fa]" name="testInvalidLogin" duration-ms="13618" started-at="2017-12-03T13:43:51Z" finished-at="2017-12-03T13:44:04Z">
          <reporter-output>
          </reporter-output>
        </test-method> <!-- testInvalidLogin -->
        <test-method status="PASS" signature="closeApplication()[pri:0, instance:Scripts.TestInvalidLogin@28feb3fa]" name="closeApplication" is-config="true" duration-ms="334" started-at="2017-12-03T13:44:04Z" finished-at="2017-12-03T13:44:05Z">
          <reporter-output>
          </reporter-output>
        </test-method> <!-- closeApplication -->
      </class> <!-- Scripts.TestInvalidLogin -->
    </test> <!-- Test -->
  </suite> <!-- Suite -->
</testng-results>
